<?xml version="1.0" encoding="UTF-8"?>
<!-- Generated by org.testng.reporters.JUnitXMLReporter -->
<testsuite hostname="Swapnil" ignored="2" name="Default test" tests="7" failures="0" timestamp="16 Jul 2019 16:58:50 GMT" time="229.067" errors="0">
  <testcase name="VerifycreateNewTaskByBtn" time="7.29" classname="com.crm.qa.testcases.TasksPageTest"/>
  <testcase name="VerifycreateNewTaskByBtn" time="6.325" classname="com.crm.qa.testcases.TasksPageTest"/>
  <testcase name="VerifycreateNewTaskByBtn" time="6.132" classname="com.crm.qa.testcases.TasksPageTest"/>
  <testcase name="VerifycreateNewTaskByBtn" time="5.861" classname="com.crm.qa.testcases.TasksPageTest"/>
  <testcase name="VerifycreateNewTaskByBtn" time="6.14" classname="com.crm.qa.testcases.TasksPageTest"/>
  <testcase name="VerifycreateNewTaskByBtn" time="6.149" classname="com.crm.qa.testcases.TasksPageTest"/>
  <testcase name="VerifycreateNewTaskByBtn" time="6.676" classname="com.crm.qa.testcases.TasksPageTest"/>
  <testcase name="verifyTaskLabelTest" time="0.0" classname="com.crm.qa.testcases.TasksPageTest">
    <ignored/>
  </testcase> <!-- verifyTaskLabelTest -->
  <testcase name="verifyClickOnTask" time="0.0" classname="com.crm.qa.testcases.TasksPageTest">
    <ignored/>
  </testcase> <!-- verifyClickOnTask -->
</testsuite> <!-- Default test -->
